# JRE version: Java(TM) SE Runtime Environment (21.0.2+13) (build 21.0.2+13-LTS-58)
# Java VM: Java HotSpot(TM) 64-Bit Server VM (21.0.2+13-LTS-58, mixed mode, sharing, tiered, compressed oops, compressed class ptrs, g1 gc, windows-amd64)
GC Precious Log:
 CardTable entry size: 512
 Card Set container configuration: InlinePtr #cards 4 size 8 Array Of Cards #cards 16 size 48 Howl #buckets 8 coarsen threshold 3686 Howl Bitmap #cards 512 size 80 coarsen threshold 460 Card regions per heap region 1 cards per card region 4096
 CPUs: 8 total, 8 available
 Memory: 16086M
 Large Page Support: Disabled
 NUMA Support: Disabled
 Compressed Oops: Enabled (Zero based)
 Heap Region Size: 2M
 Heap Min Capacity: 8M
 Heap Initial Capacity: 252M
 Heap Max Capacity: 4022M
 Pre-touch: Disabled
 Parallel Workers: 8
 Concurrent Workers: 2
 Concurrent Refinement Workers: 8
 Periodic GC: Disabled
Heap:
 garbage-first heap   total 83968K, used 58420K [0x0000000704a00000, 0x0000000800000000)
  region size 2048K, 16 young (32768K), 2 survivors (4096K)
 Metaspace       used 29505K, committed 29824K, reserved 1114112K
  class space    used 2944K, committed 3072K, reserved 1048576K
GC Heap History (20 events):
Event: 18.141 GC heap before
{Heap before GC invocations=8 (full 0):
 garbage-first heap   total 83968K, used 66609K [0x0000000704a00000, 0x0000000800000000)
  region size 2048K, 21 young (43008K), 2 survivors (4096K)
 Metaspace       used 28911K, committed 29248K, reserved 1114112K
  class space    used 2905K, committed 3072K, reserved 1048576K
}
Event: 18.142 GC heap after
{Heap after GC invocations=9 (full 0):
 garbage-first heap   total 83968K, used 29904K [0x0000000704a00000, 0x0000000800000000)
  region size 2048K, 2 young (4096K), 2 survivors (4096K)
 Metaspace       used 28911K, committed 29248K, reserved 1114112K
  class space    used 2905K, committed 3072K, reserved 1048576K
}
Event: 19.342 GC heap before
{Heap before GC invocations=9 (full 0):
 garbage-first heap   total 83968K, used 68816K [0x0000000704a00000, 0x0000000800000000)
  region size 2048K, 22 young (45056K), 2 survivors (4096K)
 Metaspace       used 28936K, committed 29248K, reserved 1114112K
  class space    used 2905K, committed 3072K, reserved 1048576K
}
Event: 19.343 GC heap after
{Heap after GC invocations=10 (full 0):
 garbage-first heap   total 83968K, used 32210K [0x0000000704a00000, 0x0000000800000000)
  region size 2048K, 3 young (6144K), 3 survivors (6144K)
 Metaspace       used 28936K, committed 29248K, reserved 1114112K
  class space    used 2905K, committed 3072K, reserved 1048576K
}
Event: 20.437 GC heap before
{Heap before GC invocations=10 (full 0):
 garbage-first heap   total 83968K, used 67026K [0x0000000704a00000, 0x0000000800000000)
  region size 2048K, 21 young (43008K), 3 survivors (6144K)
 Metaspace       used 28972K, committed 29376K, reserved 1114112K
  class space    used 2905K, committed 3072K, reserved 1048576K
}
Event: 20.437 GC heap after
{Heap after GC invocations=11 (full 0):
 garbage-first heap   total 83968K, used 31952K [0x0000000704a00000, 0x0000000800000000)
  region size 2048K, 3 young (6144K), 3 survivors (6144K)
 Metaspace       used 28972K, committed 29376K, reserved 1114112K
  class space    used 2905K, committed 3072K, reserved 1048576K
}
Event: 21.323 GC heap before
{Heap before GC invocations=11 (full 0):
 garbage-first heap   total 83968K, used 66768K [0x0000000704a00000, 0x0000000800000000)
  region size 2048K, 21 young (43008K), 3 survivors (6144K)
 Metaspace       used 29025K, committed 29376K, reserved 1114112K
  class space    used 2905K, committed 3072K, reserved 1048576K
}
Event: 21.324 GC heap after
{Heap after GC invocations=12 (full 0):
 garbage-first heap   total 83968K, used 30321K [0x0000000704a00000, 0x0000000800000000)
  region size 2048K, 2 young (4096K), 2 survivors (4096K)
 Metaspace       used 29025K, committed 29376K, reserved 1114112K
  class space    used 2905K, committed 3072K, reserved 1048576K
}
Event: 22.128 GC heap before
{Heap before GC invocations=12 (full 0):
 garbage-first heap   total 83968K, used 69233K [0x0000000704a00000, 0x0000000800000000)
  region size 2048K, 22 young (45056K), 2 survivors (4096K)
 Metaspace       used 29141K, committed 29440K, reserved 1114112K
  class space    used 2920K, committed 3072K, reserved 1048576K
}
Event: 22.129 GC heap after
{Heap after GC invocations=13 (full 0):
 garbage-first heap   total 83968K, used 29745K [0x0000000704a00000, 0x0000000800000000)
  region size 2048K, 2 young (4096K), 2 survivors (4096K)
 Metaspace       used 29141K, committed 29440K, reserved 1114112K
  class space    used 2920K, committed 3072K, reserved 1048576K
}
Event: 22.925 GC heap before
{Heap before GC invocations=13 (full 0):
 garbage-first heap   total 83968K, used 68657K [0x0000000704a00000, 0x0000000800000000)
  region size 2048K, 22 young (45056K), 2 survivors (4096K)
 Metaspace       used 29162K, committed 29504K, reserved 1114112K
  class space    used 2920K, committed 3072K, reserved 1048576K
}
Event: 22.926 GC heap after
{Heap after GC invocations=14 (full 0):
 garbage-first heap   total 83968K, used 30996K [0x0000000704a00000, 0x0000000800000000)
  region size 2048K, 2 young (4096K), 2 survivors (4096K)
 Metaspace       used 29162K, committed 29504K, reserved 1114112K
  class space    used 2920K, committed 3072K, reserved 1048576K
}
Event: 23.612 GC heap before
{Heap before GC invocations=14 (full 0):
 garbage-first heap   total 83968K, used 74004K [0x0000000704a00000, 0x0000000800000000)
  region size 2048K, 22 young (45056K), 2 survivors (4096K)
 Metaspace       used 29384K, committed 29696K, reserved 1114112K
  class space    used 2944K, committed 3072K, reserved 1048576K
}
Event: 23.613 GC heap after
{Heap after GC invocations=15 (full 0):
 garbage-first heap   total 83968K, used 34552K [0x0000000704a00000, 0x0000000800000000)
  region size 2048K, 2 young (4096K), 2 survivors (4096K)
 Metaspace       used 29384K, committed 29696K, reserved 1114112K
  class space    used 2944K, committed 3072K, reserved 1048576K
}
Event: 24.380 GC heap before
{Heap before GC invocations=15 (full 0):
 garbage-first heap   total 83968K, used 69368K [0x0000000704a00000, 0x0000000800000000)
  region size 2048K, 20 young (40960K), 2 survivors (4096K)
 Metaspace       used 29399K, committed 29696K, reserved 1114112K
  class space    used 2944K, committed 3072K, reserved 1048576K
}
Event: 24.381 GC heap after
{Heap after GC invocations=16 (full 0):
 garbage-first heap   total 83968K, used 34303K [0x0000000704a00000, 0x0000000800000000)
  region size 2048K, 2 young (4096K), 2 survivors (4096K)
 Metaspace       used 29399K, committed 29696K, reserved 1114112K
  class space    used 2944K, committed 3072K, reserved 1048576K
}
Event: 25.453 GC heap before
{Heap before GC invocations=16 (full 0):
 garbage-first heap   total 83968K, used 69119K [0x0000000704a00000, 0x0000000800000000)
  region size 2048K, 20 young (40960K), 2 survivors (4096K)
 Metaspace       used 29433K, committed 29696K, reserved 1114112K
  class space    used 2944K, committed 3072K, reserved 1048576K
}
Event: 25.454 GC heap after
{Heap after GC invocations=17 (full 0):
 garbage-first heap   total 83968K, used 33841K [0x0000000704a00000, 0x0000000800000000)
  region size 2048K, 2 young (4096K), 2 survivors (4096K)
 Metaspace       used 29433K, committed 29696K, reserved 1114112K
  class space    used 2944K, committed 3072K, reserved 1048576K
}
Event: 26.540 GC heap before
{Heap before GC invocations=17 (full 0):
 garbage-first heap   total 83968K, used 68657K [0x0000000704a00000, 0x0000000800000000)
  region size 2048K, 20 young (40960K), 2 survivors (4096K)
 Metaspace       used 29446K, committed 29760K, reserved 1114112K
  class space    used 2944K, committed 3072K, reserved 1048576K
}
Event: 26.541 GC heap after
{Heap after GC invocations=18 (full 0):
 garbage-first heap   total 83968K, used 33844K [0x0000000704a00000, 0x0000000800000000)
  region size 2048K, 2 young (4096K), 2 survivors (4096K)
 Metaspace       used 29446K, committed 29760K, reserved 1114112K
  class space    used 2944K, committed 3072K, reserved 1048576K
}

